<?xml version="1.0" encoding="UTF-8"?>
<testsuite xmlns:xsi="http://www.w3.org/2001/XMLSchema-instance" xsi:noNamespaceSchemaLocation="https://maven.apache.org/surefire/maven-surefire-plugin/xsd/surefire-test-report.xsd" name="by.andver.DAOImpl.UserDAOImplTest" time="0.114" tests="4" errors="0" skipped="0" failures="0">
  <properties>
    <property name="sun.desktop" value="windows"/>
    <property name="awt.toolkit" value="sun.awt.windows.WToolkit"/>
    <property name="file.encoding.pkg" value="sun.io"/>
    <property name="java.specification.version" value="1.8"/>
    <property name="sun.cpu.isalist" value="amd64"/>
    <property name="sun.jnu.encoding" value="Cp1251"/>
    <property name="java.class.path" value="C:\Users\Verenich\IdeaProjects\TendersPlatform\DAO\target\test-classes;C:\Users\Verenich\IdeaProjects\TendersPlatform\DAO\target\classes;C:\Users\Verenich\IdeaProjects\TendersPlatform\model\target\classes;C:\Users\Verenich\.m2\repository\org\springframework\spring-context\4.3.18.RELEASE\spring-context-4.3.18.RELEASE.jar;C:\Users\Verenich\.m2\repository\org\springframework\spring-aop\4.3.18.RELEASE\spring-aop-4.3.18.RELEASE.jar;C:\Users\Verenich\.m2\repository\org\springframework\spring-beans\4.3.18.RELEASE\spring-beans-4.3.18.RELEASE.jar;C:\Users\Verenich\.m2\repository\org\springframework\spring-core\4.3.18.RELEASE\spring-core-4.3.18.RELEASE.jar;C:\Users\Verenich\.m2\repository\org\springframework\spring-expression\4.3.18.RELEASE\spring-expression-4.3.18.RELEASE.jar;C:\Users\Verenich\.m2\repository\org\springframework\spring-webmvc\4.3.18.RELEASE\spring-webmvc-4.3.18.RELEASE.jar;C:\Users\Verenich\.m2\repository\org\springframework\spring-web\4.3.18.RELEASE\spring-web-4.3.18.RELEASE.jar;C:\Users\Verenich\.m2\repository\mysql\mysql-connector-java\6.0.6\mysql-connector-java-6.0.6.jar;C:\Users\Verenich\.m2\repository\org\hibernate\hibernate-core\5.2.12.Final\hibernate-core-5.2.12.Final.jar;C:\Users\Verenich\.m2\repository\org\jboss\logging\jboss-logging\3.3.0.Final\jboss-logging-3.3.0.Final.jar;C:\Users\Verenich\.m2\repository\org\hibernate\javax\persistence\hibernate-jpa-2.1-api\1.0.0.Final\hibernate-jpa-2.1-api-1.0.0.Final.jar;C:\Users\Verenich\.m2\repository\org\javassist\javassist\3.20.0-GA\javassist-3.20.0-GA.jar;C:\Users\Verenich\.m2\repository\antlr\antlr\2.7.7\antlr-2.7.7.jar;C:\Users\Verenich\.m2\repository\org\jboss\spec\javax\transaction\jboss-transaction-api_1.2_spec\1.0.1.Final\jboss-transaction-api_1.2_spec-1.0.1.Final.jar;C:\Users\Verenich\.m2\repository\org\jboss\jandex\2.0.3.Final\jandex-2.0.3.Final.jar;C:\Users\Verenich\.m2\repository\com\fasterxml\classmate\1.3.0\classmate-1.3.0.jar;C:\Users\Verenich\.m2\repository\dom4j\dom4j\1.6.1\dom4j-1.6.1.jar;C:\Users\Verenich\.m2\repository\org\hibernate\common\hibernate-commons-annotations\5.0.1.Final\hibernate-commons-annotations-5.0.1.Final.jar;C:\Users\Verenich\.m2\repository\org\hibernate\validator\hibernate-validator\6.0.2.Final\hibernate-validator-6.0.2.Final.jar;C:\Users\Verenich\.m2\repository\javax\validation\validation-api\2.0.0.Final\validation-api-2.0.0.Final.jar;C:\Users\Verenich\.m2\repository\org\springframework\spring-orm\4.3.18.RELEASE\spring-orm-4.3.18.RELEASE.jar;C:\Users\Verenich\.m2\repository\org\springframework\spring-jdbc\4.3.18.RELEASE\spring-jdbc-4.3.18.RELEASE.jar;C:\Users\Verenich\.m2\repository\org\springframework\spring-tx\4.3.18.RELEASE\spring-tx-4.3.18.RELEASE.jar;C:\Users\Verenich\.m2\repository\junit\junit\4.12\junit-4.12.jar;C:\Users\Verenich\.m2\repository\org\hamcrest\hamcrest-core\1.3\hamcrest-core-1.3.jar;C:\Users\Verenich\.m2\repository\org\springframework\spring-test\4.3.18.RELEASE\spring-test-4.3.18.RELEASE.jar;C:\Users\Verenich\.m2\repository\log4j\log4j\1.2.17\log4j-1.2.17.jar;C:\Users\Verenich\.m2\repository\javax\servlet\jstl\1.2\jstl-1.2.jar;C:\Users\Verenich\.m2\repository\org\springframework\security\spring-security-core\4.2.0.RELEASE\spring-security-core-4.2.0.RELEASE.jar;C:\Users\Verenich\.m2\repository\aopalliance\aopalliance\1.0\aopalliance-1.0.jar;C:\Users\Verenich\.m2\repository\org\springframework\security\spring-security-web\4.2.0.RELEASE\spring-security-web-4.2.0.RELEASE.jar;C:\Users\Verenich\.m2\repository\org\springframework\security\spring-security-config\4.2.0.RELEASE\spring-security-config-4.2.0.RELEASE.jar;C:\Users\Verenich\.m2\repository\javax\servlet\javax.servlet-api\3.1.0\javax.servlet-api-3.1.0.jar;C:\Users\Verenich\.m2\repository\com\fasterxml\jackson\core\jackson-core\2.6.7\jackson-core-2.6.7.jar;C:\Users\Verenich\.m2\repository\com\fasterxml\jackson\core\jackson-databind\2.6.7\jackson-databind-2.6.7.jar;C:\Users\Verenich\.m2\repository\com\fasterxml\jackson\core\jackson-annotations\2.6.0\jackson-annotations-2.6.0.jar;C:\Users\Verenich\.m2\repository\org\apache\httpcomponents\httpclient\4.5.3\httpclient-4.5.3.jar;C:\Users\Verenich\.m2\repository\org\apache\httpcomponents\httpcore\4.4.6\httpcore-4.4.6.jar;C:\Users\Verenich\.m2\repository\commons-logging\commons-logging\1.2\commons-logging-1.2.jar;C:\Users\Verenich\.m2\repository\commons-codec\commons-codec\1.9\commons-codec-1.9.jar;"/>
    <property name="java.vm.vendor" value="Oracle Corporation"/>
    <property name="sun.arch.data.model" value="64"/>
    <property name="user.variant" value=""/>
    <property name="java.vendor.url" value="http://java.oracle.com/"/>
    <property name="user.timezone" value="GMT+03:00"/>
    <property name="java.vm.specification.version" value="1.8"/>
    <property name="os.name" value="Windows 7"/>
    <property name="user.country" value="RU"/>
    <property name="sun.java.launcher" value="SUN_STANDARD"/>
    <property name="sun.boot.library.path" value="c:\Program Files\Java\jdk1.8.0_73\jre\bin"/>
    <property name="sun.java.command" value="C:\Users\Verenich\AppData\Local\Temp\surefire6301013929503001884\surefirebooter908281313412763760.jar C:\Users\Verenich\AppData\Local\Temp\surefire6301013929503001884 2018-11-23T15-46-18_106-jvmRun1 surefire3583624896078715334tmp surefire_05733997605181651539tmp"/>
    <property name="surefire.test.class.path" value="C:\Users\Verenich\IdeaProjects\TendersPlatform\DAO\target\test-classes;C:\Users\Verenich\IdeaProjects\TendersPlatform\DAO\target\classes;C:\Users\Verenich\IdeaProjects\TendersPlatform\model\target\classes;C:\Users\Verenich\.m2\repository\org\springframework\spring-context\4.3.18.RELEASE\spring-context-4.3.18.RELEASE.jar;C:\Users\Verenich\.m2\repository\org\springframework\spring-aop\4.3.18.RELEASE\spring-aop-4.3.18.RELEASE.jar;C:\Users\Verenich\.m2\repository\org\springframework\spring-beans\4.3.18.RELEASE\spring-beans-4.3.18.RELEASE.jar;C:\Users\Verenich\.m2\repository\org\springframework\spring-core\4.3.18.RELEASE\spring-core-4.3.18.RELEASE.jar;C:\Users\Verenich\.m2\repository\org\springframework\spring-expression\4.3.18.RELEASE\spring-expression-4.3.18.RELEASE.jar;C:\Users\Verenich\.m2\repository\org\springframework\spring-webmvc\4.3.18.RELEASE\spring-webmvc-4.3.18.RELEASE.jar;C:\Users\Verenich\.m2\repository\org\springframework\spring-web\4.3.18.RELEASE\spring-web-4.3.18.RELEASE.jar;C:\Users\Verenich\.m2\repository\mysql\mysql-connector-java\6.0.6\mysql-connector-java-6.0.6.jar;C:\Users\Verenich\.m2\repository\org\hibernate\hibernate-core\5.2.12.Final\hibernate-core-5.2.12.Final.jar;C:\Users\Verenich\.m2\repository\org\jboss\logging\jboss-logging\3.3.0.Final\jboss-logging-3.3.0.Final.jar;C:\Users\Verenich\.m2\repository\org\hibernate\javax\persistence\hibernate-jpa-2.1-api\1.0.0.Final\hibernate-jpa-2.1-api-1.0.0.Final.jar;C:\Users\Verenich\.m2\repository\org\javassist\javassist\3.20.0-GA\javassist-3.20.0-GA.jar;C:\Users\Verenich\.m2\repository\antlr\antlr\2.7.7\antlr-2.7.7.jar;C:\Users\Verenich\.m2\repository\org\jboss\spec\javax\transaction\jboss-transaction-api_1.2_spec\1.0.1.Final\jboss-transaction-api_1.2_spec-1.0.1.Final.jar;C:\Users\Verenich\.m2\repository\org\jboss\jandex\2.0.3.Final\jandex-2.0.3.Final.jar;C:\Users\Verenich\.m2\repository\com\fasterxml\classmate\1.3.0\classmate-1.3.0.jar;C:\Users\Verenich\.m2\repository\dom4j\dom4j\1.6.1\dom4j-1.6.1.jar;C:\Users\Verenich\.m2\repository\org\hibernate\common\hibernate-commons-annotations\5.0.1.Final\hibernate-commons-annotations-5.0.1.Final.jar;C:\Users\Verenich\.m2\repository\org\hibernate\validator\hibernate-validator\6.0.2.Final\hibernate-validator-6.0.2.Final.jar;C:\Users\Verenich\.m2\repository\javax\validation\validation-api\2.0.0.Final\validation-api-2.0.0.Final.jar;C:\Users\Verenich\.m2\repository\org\springframework\spring-orm\4.3.18.RELEASE\spring-orm-4.3.18.RELEASE.jar;C:\Users\Verenich\.m2\repository\org\springframework\spring-jdbc\4.3.18.RELEASE\spring-jdbc-4.3.18.RELEASE.jar;C:\Users\Verenich\.m2\repository\org\springframework\spring-tx\4.3.18.RELEASE\spring-tx-4.3.18.RELEASE.jar;C:\Users\Verenich\.m2\repository\junit\junit\4.12\junit-4.12.jar;C:\Users\Verenich\.m2\repository\org\hamcrest\hamcrest-core\1.3\hamcrest-core-1.3.jar;C:\Users\Verenich\.m2\repository\org\springframework\spring-test\4.3.18.RELEASE\spring-test-4.3.18.RELEASE.jar;C:\Users\Verenich\.m2\repository\log4j\log4j\1.2.17\log4j-1.2.17.jar;C:\Users\Verenich\.m2\repository\javax\servlet\jstl\1.2\jstl-1.2.jar;C:\Users\Verenich\.m2\repository\org\springframework\security\spring-security-core\4.2.0.RELEASE\spring-security-core-4.2.0.RELEASE.jar;C:\Users\Verenich\.m2\repository\aopalliance\aopalliance\1.0\aopalliance-1.0.jar;C:\Users\Verenich\.m2\repository\org\springframework\security\spring-security-web\4.2.0.RELEASE\spring-security-web-4.2.0.RELEASE.jar;C:\Users\Verenich\.m2\repository\org\springframework\security\spring-security-config\4.2.0.RELEASE\spring-security-config-4.2.0.RELEASE.jar;C:\Users\Verenich\.m2\repository\javax\servlet\javax.servlet-api\3.1.0\javax.servlet-api-3.1.0.jar;C:\Users\Verenich\.m2\repository\com\fasterxml\jackson\core\jackson-core\2.6.7\jackson-core-2.6.7.jar;C:\Users\Verenich\.m2\repository\com\fasterxml\jackson\core\jackson-databind\2.6.7\jackson-databind-2.6.7.jar;C:\Users\Verenich\.m2\repository\com\fasterxml\jackson\core\jackson-annotations\2.6.0\jackson-annotations-2.6.0.jar;C:\Users\Verenich\.m2\repository\org\apache\httpcomponents\httpclient\4.5.3\httpclient-4.5.3.jar;C:\Users\Verenich\.m2\repository\org\apache\httpcomponents\httpcore\4.4.6\httpcore-4.4.6.jar;C:\Users\Verenich\.m2\repository\commons-logging\commons-logging\1.2\commons-logging-1.2.jar;C:\Users\Verenich\.m2\repository\commons-codec\commons-codec\1.9\commons-codec-1.9.jar;"/>
    <property name="sun.cpu.endian" value="little"/>
    <property name="user.home" value="C:\Users\Verenich"/>
    <property name="user.language" value="ru"/>
    <property name="java.specification.vendor" value="Oracle Corporation"/>
    <property name="java.home" value="c:\Program Files\Java\jdk1.8.0_73\jre"/>
    <property name="basedir" value="C:\Users\Verenich\IdeaProjects\TendersPlatform\DAO"/>
    <property name="file.separator" value="\"/>
    <property name="line.separator" value="&#10;"/>
    <property name="java.vm.specification.vendor" value="Oracle Corporation"/>
    <property name="java.specification.name" value="Java Platform API Specification"/>
    <property name="java.awt.graphicsenv" value="sun.awt.Win32GraphicsEnvironment"/>
    <property name="surefire.real.class.path" value="C:\Users\Verenich\AppData\Local\Temp\surefire6301013929503001884\surefirebooter908281313412763760.jar"/>
    <property name="sun.boot.class.path" value="c:\Program Files\Java\jdk1.8.0_73\jre\lib\resources.jar;c:\Program Files\Java\jdk1.8.0_73\jre\lib\rt.jar;c:\Program Files\Java\jdk1.8.0_73\jre\lib\sunrsasign.jar;c:\Program Files\Java\jdk1.8.0_73\jre\lib\jsse.jar;c:\Program Files\Java\jdk1.8.0_73\jre\lib\jce.jar;c:\Program Files\Java\jdk1.8.0_73\jre\lib\charsets.jar;c:\Program Files\Java\jdk1.8.0_73\jre\lib\jfr.jar;c:\Program Files\Java\jdk1.8.0_73\jre\classes"/>
    <property name="user.script" value=""/>
    <property name="sun.management.compiler" value="HotSpot 64-Bit Tiered Compilers"/>
    <property name="java.runtime.version" value="1.8.0_73-b02"/>
    <property name="user.name" value="verenich"/>
    <property name="path.separator" value=";"/>
    <property name="os.version" value="6.1"/>
    <property name="java.endorsed.dirs" value="c:\Program Files\Java\jdk1.8.0_73\jre\lib\endorsed"/>
    <property name="java.runtime.name" value="Java(TM) SE Runtime Environment"/>
    <property name="file.encoding" value="Cp1251"/>
    <property name="java.vm.name" value="Java HotSpot(TM) 64-Bit Server VM"/>
    <property name="localRepository" value="C:\Users\Verenich\.m2\repository"/>
    <property name="java.vendor.url.bug" value="http://bugreport.sun.com/bugreport/"/>
    <property name="java.io.tmpdir" value="C:\Users\Verenich\AppData\Local\Temp\"/>
    <property name="java.version" value="1.8.0_73"/>
    <property name="user.dir" value="C:\Users\Verenich\IdeaProjects\TendersPlatform\DAO"/>
    <property name="os.arch" value="amd64"/>
    <property name="java.vm.specification.name" value="Java Virtual Machine Specification"/>
    <property name="java.awt.printerjob" value="sun.awt.windows.WPrinterJob"/>
    <property name="sun.os.patch.level" value="Service Pack 1"/>
    <property name="java.library.path" value="c:\Program Files\Java\jdk1.8.0_73\jre\bin;C:\Windows\Sun\Java\bin;C:\Windows\system32;C:\Windows;C:\ProgramData\Oracle\Java\javapath;C:\Program Files (x86)\Common Files\Intel\Shared Files\cpp\bin\Intel64;C:\Windows\system32;C:\Windows;C:\Windows\System32\Wbem;C:\Windows\System32\WindowsPowerShell\v1.0\;C:\Program Files\Common Files\Autodesk Shared\;C:\Program Files (x86)\Microsoft SQL Server\100\Tools\Binn\;C:\Program Files\Microsoft SQL Server\100\Tools\Binn\;C:\Program Files\Microsoft SQL Server\100\DTS\Binn\;C:\Program Files (x86)\Microsoft SQL Server\100\Tools\Binn\VSShell\Common7\IDE\;C:\Program Files (x86)\Microsoft SQL Server\100\DTS\Binn\;C:\Program Files (x86)\Microsoft SQL Server\90\Tools\binn\;C:\Program Files (x86)\Common Files\Autodesk Shared\Advance Steel\;C:\Program Files\Common Files\Autodesk Shared\Advance Steel\;C:\Program Files\Common Files\Graitec\;C:\Program Files\MySQL\MySQL Utilities 1.6\;C:\Program Files (x86)\NVIDIA Corporation\PhysX\Common;C:\Program Files\Microsoft SQL Server\110\Tools\Binn\;C:\Program Files\Git\cmd;c:\Program Files\maven\bin\;."/>
    <property name="java.vm.info" value="mixed mode"/>
    <property name="java.vendor" value="Oracle Corporation"/>
    <property name="java.vm.version" value="25.73-b02"/>
    <property name="java.ext.dirs" value="c:\Program Files\Java\jdk1.8.0_73\jre\lib\ext;C:\Windows\Sun\Java\lib\ext"/>
    <property name="sun.io.unicode.encoding" value="UnicodeLittle"/>
    <property name="java.class.version" value="52.0"/>
  </properties>
  <testcase name="shouldUpdateUser" classname="by.andver.DAOImpl.UserDAOImplTest" time="0.031"/>
  <testcase name="shouldGetUser" classname="by.andver.DAOImpl.UserDAOImplTest" time="0.022"/>
  <testcase name="shouldDeleteUser" classname="by.andver.DAOImpl.UserDAOImplTest" time="0.007"/>
  <testcase name="shouldSaveUser" classname="by.andver.DAOImpl.UserDAOImplTest" time="0.021"/>
</testsuite>